Performing C SOURCE FILE Test CMAKE_HAVE_LIBC_PTHREAD failed with the following output:
Change Dir: /Users/LW/Documents/AIPLUS/2511 AI记录员/android-recorder/app/.cxx/Debug/611f6s38/arm64-v8a/CMakeFiles/CMakeTmp

Run Build Command(s):/Users/LW/Library/Android/sdk/cmake/3.22.1/bin/ninja cmTC_7701a && [1/2] Building C object CMakeFiles/cmTC_7701a.dir/src.c.o
FAILED: CMakeFiles/cmTC_7701a.dir/src.c.o 
/Users/LW/Library/Android/sdk/ndk/26.1.10909125/toolchains/llvm/prebuilt/darwin-x86_64/bin/clang --target=aarch64-none-linux-android26 --sysroot=/Users/LW/Library/Android/sdk/ndk/26.1.10909125/toolchains/llvm/prebuilt/darwin-x86_64/sysroot -DCMAKE_HAVE_LIBC_PTHREAD  -g -DANDROID -fdata-sections -ffunction-sections -funwind-tables -fstack-protector-strong -no-canonical-prefixes -D_FORTIFY_SOURCE=2 -Wformat -Werror=format-security   -fPIE -MD -MT CMakeFiles/cmTC_7701a.dir/src.c.o -MF CMakeFiles/cmTC_7701a.dir/src.c.o.d -o CMakeFiles/cmTC_7701a.dir/src.c.o -c '/Users/LW/Documents/AIPLUS/2511 AI记录员/android-recorder/app/.cxx/Debug/611f6s38/arm64-v8a/CMakeFiles/CMakeTmp/src.c'
/Users/LW/Documents/AIPLUS/2511 AI记录员/android-recorder/app/.cxx/Debug/611f6s38/arm64-v8a/CMakeFiles/CMakeTmp/src.c:13:3: error: call to undeclared function 'pthread_cancel'; ISO C99 and later do not support implicit function declarations [-Wimplicit-function-declaration]
  pthread_cancel(thread);
  ^
/Users/LW/Documents/AIPLUS/2511 AI记录员/android-recorder/app/.cxx/Debug/611f6s38/arm64-v8a/CMakeFiles/CMakeTmp/src.c:13:3: note: did you mean 'pthread_once'?
/Users/LW/Library/Android/sdk/ndk/26.1.10909125/toolchains/llvm/prebuilt/darwin-x86_64/sysroot/usr/include/pthread.h:258:5: note: 'pthread_once' declared here
int pthread_once(pthread_once_t* _Nonnull __once, void (* _Nonnull __init_routine)(void));
    ^
1 error generated.
ninja: build stopped: subcommand failed.


Source file was:
#include <pthread.h>

static void* test_func(void* data)
{
  return data;
}

int main(void)
{
  pthread_t thread;
  pthread_create(&thread, NULL, test_func, NULL);
  pthread_detach(thread);
  pthread_cancel(thread);
  pthread_join(thread, NULL);
  pthread_atfork(NULL, NULL, NULL);
  pthread_exit(NULL);

  return 0;
}

Determining if the function pthread_create exists in the pthreads failed with the following output:
Change Dir: /Users/LW/Documents/AIPLUS/2511 AI记录员/android-recorder/app/.cxx/Debug/611f6s38/arm64-v8a/CMakeFiles/CMakeTmp

Run Build Command(s):/Users/LW/Library/Android/sdk/cmake/3.22.1/bin/ninja cmTC_ea903 && [1/2] Building C object CMakeFiles/cmTC_ea903.dir/CheckFunctionExists.c.o
[2/2] Linking C executable cmTC_ea903
FAILED: cmTC_ea903 
: && /Users/LW/Library/Android/sdk/ndk/26.1.10909125/toolchains/llvm/prebuilt/darwin-x86_64/bin/clang --target=aarch64-none-linux-android26 --sysroot=/Users/LW/Library/Android/sdk/ndk/26.1.10909125/toolchains/llvm/prebuilt/darwin-x86_64/sysroot -g -DANDROID -fdata-sections -ffunction-sections -funwind-tables -fstack-protector-strong -no-canonical-prefixes -D_FORTIFY_SOURCE=2 -Wformat -Werror=format-security  -DCHECK_FUNCTION_EXISTS=pthread_create -Wl,--build-id=sha1 -Wl,--no-rosegment -Wl,--no-undefined-version -Wl,--fatal-warnings -Wl,--no-undefined -Qunused-arguments CMakeFiles/cmTC_ea903.dir/CheckFunctionExists.c.o -o cmTC_ea903  -lpthreads  -latomic -lm && :
ld.lld: error: unable to find library -lpthreads
clang: error: linker command failed with exit code 1 (use -v to see invocation)
ninja: build stopped: subcommand failed.



Determining if the function pthread_create exists in the pthread failed with the following output:
Change Dir: /Users/LW/Documents/AIPLUS/2511 AI记录员/android-recorder/app/.cxx/Debug/611f6s38/arm64-v8a/CMakeFiles/CMakeTmp

Run Build Command(s):/Users/LW/Library/Android/sdk/cmake/3.22.1/bin/ninja cmTC_91f86 && [1/2] Building C object CMakeFiles/cmTC_91f86.dir/CheckFunctionExists.c.o
[2/2] Linking C executable cmTC_91f86
FAILED: cmTC_91f86 
: && /Users/LW/Library/Android/sdk/ndk/26.1.10909125/toolchains/llvm/prebuilt/darwin-x86_64/bin/clang --target=aarch64-none-linux-android26 --sysroot=/Users/LW/Library/Android/sdk/ndk/26.1.10909125/toolchains/llvm/prebuilt/darwin-x86_64/sysroot -g -DANDROID -fdata-sections -ffunction-sections -funwind-tables -fstack-protector-strong -no-canonical-prefixes -D_FORTIFY_SOURCE=2 -Wformat -Werror=format-security  -DCHECK_FUNCTION_EXISTS=pthread_create -Wl,--build-id=sha1 -Wl,--no-rosegment -Wl,--no-undefined-version -Wl,--fatal-warnings -Wl,--no-undefined -Qunused-arguments CMakeFiles/cmTC_91f86.dir/CheckFunctionExists.c.o -o cmTC_91f86  -lpthread  -latomic -lm && :
ld.lld: error: unable to find library -lpthread
clang: error: linker command failed with exit code 1 (use -v to see invocation)
ninja: build stopped: subcommand failed.



